<?xml version="1.0" encoding="UTF-8"?>
<!-- Generated by org.testng.reporters.JUnitReportReporter -->
<testsuite hostname="Preetijaiswal-IT" failures="0" tests="1" name="SeleniumTutorialPractice.LoginTest" time="0.010" errors="0" timestamp="7 Feb 2022 10:44:58 GMT">
  <testcase classname="SeleniumTutorialPractice.LoginTest" name="logout" time="0.010"/>
</testsuite> <!-- SeleniumTutorialPractice.LoginTest -->
