<?xml version="1.0" encoding="UTF-8"?>
<!-- Generated by org.testng.reporters.JUnitReportReporter -->
<testsuite hostname="Preetijaiswal-IT" failures="0" tests="4" name="AlwaysRun" time="0.015" errors="0" timestamp="8 Dec 2021 06:48:48 GMT">
  <testcase classname="AlwaysRun" name="Fourth" time="0.001"/>
  <testcase classname="AlwaysRun" name="First" time="0.011"/>
  <testcase classname="AlwaysRun" name="Second" time="0.001"/>
  <testcase classname="AlwaysRun" name="Third" time="0.002"/>
</testsuite> <!-- AlwaysRun -->
