<?xml version="1.0" encoding="UTF-8"?>
<!-- Generated by org.testng.reporters.JUnitReportReporter -->
<testsuite hostname="Preetijaiswal-IT" failures="0" tests="2" name="p_dataprovider" time="0.020" errors="0" timestamp="8 Dec 2021 07:41:47 GMT">
  <testcase classname="p_dataprovider" name="DataMatrix" time="0.017"/>
  <testcase classname="p_dataprovider" name="DataMatrix" time="0.003"/>
</testsuite> <!-- p_dataprovider -->
