<?xml version="1.0" encoding="UTF-8"?>
<!-- Generated by org.testng.reporters.JUnitReportReporter -->
<testsuite hostname="Preetijaiswal-IT" failures="0" tests="3" name="uatenv.logout" time="0.006" errors="0" timestamp="11 Dec 2021 13:50:29 GMT">
  <testcase classname="uatenv.logout" name="logout1" time="0.003"/>
  <testcase classname="uatenv.logout" name="logout1" time="0.001"/>
  <testcase classname="uatenv.logout" name="logout1" time="0.002"/>
</testsuite> <!-- uatenv.logout -->
