<?xml version="1.0" encoding="UTF-8"?>
<!-- Generated by org.testng.reporters.JUnitReportReporter -->
<testsuite hostname="Preetijaiswal-IT" failures="0" tests="1" name="SeleniumTutorialPractice.groupstest" time="0.003" errors="0" timestamp="7 Feb 2022 10:44:58 GMT">
  <testcase classname="SeleniumTutorialPractice.groupstest" name="test1" time="0.003"/>
</testsuite> <!-- SeleniumTutorialPractice.groupstest -->
