<?xml version="1.0" encoding="UTF-8"?>
<!-- Generated by org.testng.reporters.JUnitReportReporter -->
<testsuite hostname="Preetijaiswal-IT" failures="0" tests="4" name="TestNG_ParralExecution1" time="0.021" errors="0" timestamp="11 Dec 2021 09:23:28 GMT">
  <testcase classname="TestNG_ParralExecution1" name="parallel_run_part2" time="0.002"/>
  <testcase classname="TestNG_ParralExecution1" name="parallel_run_part3" time="0.005"/>
  <testcase classname="TestNG_ParralExecution1" name="parallel_run_part1" time="0.007"/>
  <testcase classname="TestNG_ParralExecution1" name="parallel_run_part1" time="0.007"/>
</testsuite> <!-- TestNG_ParralExecution1 -->
