<?xml version="1.0" encoding="UTF-8"?>
<!-- Generated by org.testng.reporters.JUnitReportReporter -->
<testsuite hostname="Preetijaiswal-IT" failures="0" tests="4" name="Priority_Enabled" time="0.014" errors="0" timestamp="7 Dec 2021 17:57:26 GMT">
  <testcase classname="Priority_Enabled" name="isseCard" time="0.001"/>
  <testcase classname="Priority_Enabled" name="signup" time="0.007"/>
  <testcase classname="Priority_Enabled" name="logOut" time="0.001"/>
  <testcase classname="Priority_Enabled" name="ChangePassword" time="0.005"/>
</testsuite> <!-- Priority_Enabled -->
