<?xml version="1.0" encoding="UTF-8"?>
<!-- Generated by org.testng.reporters.JUnitReportReporter -->
<testsuite hostname="Preetijaiswal-IT" failures="0" tests="6" name="ParallelExecution" time="33.798" errors="0" timestamp="11 Dec 2021 11:27:24 GMT">
  <testcase classname="ParallelExecution" name="parallel_run_part1" time="8.616"/>
  <testcase classname="ParallelExecution" name="parallel_run_part3" time="0.005"/>
  <testcase classname="ParallelExecution" name="parallel_run_part2" time="9.840"/>
  <testcase classname="ParallelExecution" name="parallel_run_part1" time="6.625"/>
  <testcase classname="ParallelExecution" name="parallel_run_part1" time="8.704"/>
  <testcase classname="ParallelExecution" name="parallel_run_part4" time="0.008"/>
</testsuite> <!-- ParallelExecution -->
