<?xml version="1.0" encoding="UTF-8"?>
<!-- Generated by org.testng.reporters.JUnitReportReporter -->
<testsuite hostname="Preetijaiswal-IT" failures="0" tests="3" name="uatenv.login" time="0.014" errors="0" timestamp="11 Dec 2021 13:50:29 GMT">
  <testcase classname="uatenv.login" name="login1" time="0.003"/>
  <testcase classname="uatenv.login" name="login1" time="0.001"/>
  <testcase classname="uatenv.login" name="login1" time="0.010"/>
</testsuite> <!-- uatenv.login -->
