<?xml version="1.0" encoding="UTF-8"?>
<!-- Generated by org.testng.reporters.JUnitReportReporter -->
<testsuite hostname="Preetijaiswal-IT" failures="0" tests="1" name="SeleniumTutorialPractice.LoginTestRO" time="5.856" errors="0" timestamp="8 Feb 2022 19:03:49 GMT">
  <testcase classname="SeleniumTutorialPractice.LoginTestRO" name="LaunchTest" time="5.856"/>
</testsuite> <!-- SeleniumTutorialPractice.LoginTestRO -->
