<?xml version="1.0" encoding="UTF-8"?>
<!-- Generated by org.testng.reporters.JUnitReportReporter -->
<testsuite hostname="Preetijaiswal-IT" failures="0" tests="1" name="TestCase" time="0.012" errors="0" timestamp="7 Dec 2021 16:38:48 GMT">
  <testcase classname="TestCase" name="loginTest" time="0.012"/>
</testsuite> <!-- TestCase -->
