<?xml version="1.0" encoding="UTF-8"?>
<!-- Generated by org.testng.reporters.JUnitReportReporter -->
<testsuite hostname="Preetijaiswal-IT" failures="0" tests="3" name="P_ITextContext" time="0.009" errors="0" timestamp="9 Dec 2021 07:10:00 GMT">
  <testcase classname="P_ITextContext" name="setUp" time="0.007"/>
  <testcase classname="P_ITextContext" name="beautyOfCourse" time="0.001"/>
  <testcase classname="P_ITextContext" name="endCourse" time="0.001"/>
</testsuite> <!-- P_ITextContext -->
