<?xml version="1.0" encoding="UTF-8"?>
<!-- Generated by org.testng.reporters.JUnitReportReporter -->
<testsuite hostname="Preetijaiswal-IT" failures="0" tests="2" name="SeleniumTutorialPractice.Executable" time="0.004" errors="0" timestamp="8 Feb 2022 20:05:52 GMT">
  <testcase classname="SeleniumTutorialPractice.Executable" name="testcase1" time="0.003"/>
  <testcase classname="SeleniumTutorialPractice.Executable" name="testcase2" time="0.001"/>
</testsuite> <!-- SeleniumTutorialPractice.Executable -->
