<?xml version="1.0" encoding="UTF-8"?>
<!-- Generated by org.testng.reporters.JUnitReportReporter -->
<testsuite hostname="Preetijaiswal-IT" failures="0" tests="2" name="BM_T_AM" time="0.011" errors="0" timestamp="7 Dec 2021 17:11:31 GMT">
  <testcase classname="BM_T_AM" name="logIn" time="0.003"/>
  <testcase classname="BM_T_AM" name="forgotPassword" time="0.008"/>
</testsuite> <!-- BM_T_AM -->
