<?xml version="1.0" encoding="UTF-8"?>
<!-- Generated by org.testng.reporters.JUnitReportReporter -->
<testsuite hostname="Preetijaiswal-IT" failures="0" tests="4" name="SeleniumTutorialPractice.dataproviderDemo" time="19.769" errors="0" timestamp="8 Feb 2022 12:58:18 GMT">
  <testcase classname="SeleniumTutorialPractice.dataproviderDemo" name="DataSet" time="1.918"/>
  <testcase classname="SeleniumTutorialPractice.dataproviderDemo" name="DataSet" time="1.916"/>
  <testcase classname="SeleniumTutorialPractice.dataproviderDemo" name="DataSet" time="11.046"/>
  <testcase classname="SeleniumTutorialPractice.dataproviderDemo" name="DataSet" time="4.889"/>
</testsuite> <!-- SeleniumTutorialPractice.dataproviderDemo -->
