<?xml version="1.0" encoding="UTF-8"?>
<!-- Generated by org.testng.reporters.JUnitReportReporter -->
<testsuite hostname="Preetijaiswal-IT" failures="0" tests="1" name="Group" time="0.002" errors="0" timestamp="7 Feb 2022 10:44:58 GMT">
  <testcase classname="Group" name="TC4" time="0.002"/>
</testsuite> <!-- Group -->
