<?xml version="1.0" encoding="UTF-8"?>
<!-- Generated by org.testng.reporters.JUnitReportReporter -->
<testsuite hostname="Preetijaiswal-IT" failures="0" tests="2" name="StreamJava.Start" time="0.027" errors="0" timestamp="12 Dec 2021 17:16:20 GMT">
  <testcase classname="StreamJava.Start" name="startLetter" time="0.015"/>
  <testcase classname="StreamJava.Start" name="streamFilter" time="0.012"/>
</testsuite> <!-- StreamJava.Start -->
