<?xml version="1.0" encoding="UTF-8"?>
<!-- Generated by org.testng.reporters.JUnitReportReporter -->
<testsuite hostname="Preetijaiswal-IT" failures="0" tests="1" name="arrayList" time="0.009" errors="0" timestamp="7 Dec 2021 16:45:42 GMT">
  <testcase classname="arrayList" name="Case" time="0.009"/>
</testsuite> <!-- arrayList -->
